Compiling the CXX compiler identification source file "CMakeCXXCompilerId.cpp" failed.
Compiler: C:/Program Files/Microsoft Visual Studio/2022/Community/VC/Tools/MSVC/14.31.31103/bin/Hostx64/x64/cl.exe 
Build flags: 
Id flags:  

The output was:
2
Microsoft (R) C/C++ Optimizing Compiler Versão 19.31.31105 para x64
Copyright (C) Microsoft Corporation. Todos os direitos reservados.

CMakeCXXCompilerId.cpp
Microsoft (R) Incremental Linker Version 14.31.31105.0
Copyright (C) Microsoft Corporation.  All rights reserved.

/out:CMakeCXXCompilerId.exe 
CMakeCXXCompilerId.obj 
LINK : fatal error LNK1104: não é possível abrir o arquivo 'kernel32.lib'


Detecting CXX compiler ABI info failed to compile with the following output:
Change Dir: D:/GOD Programation/BTI/Semestre 3/Linguagem de Programação 1/AtividadesC++/lista-1-YagoGomesDaSilva/fibonacci/out/build/x64-Debug/CMakeFiles/CMakeTmp

Run Build Command(s):C:/Program Files/Microsoft Visual Studio/2022/Community/Common7/IDE/CommonExtensions/Microsoft/CMake/Ninja/ninja.exe cmTC_d83d2 && [1/2] Building CXX object CMakeFiles\cmTC_d83d2.dir\CMakeCXXCompilerABI.cpp.obj
[2/2] Linking CXX executable cmTC_d83d2.exe
FAILED: cmTC_d83d2.exe 
cmd.exe /C "cd . && "C:\Program Files\Microsoft Visual Studio\2022\Community\Common7\IDE\CommonExtensions\Microsoft\CMake\CMake\bin\cmake.exe" -E vs_link_exe --intdir=CMakeFiles\cmTC_d83d2.dir --rc=rc --mt=CMAKE_MT-NOTFOUND --manifests  -- C:\PROGRA~1\MICROS~2\2022\COMMUN~1\VC\Tools\MSVC\1431~1.311\bin\Hostx64\x64\link.exe /nologo CMakeFiles\cmTC_d83d2.dir\CMakeCXXCompilerABI.cpp.obj  /out:cmTC_d83d2.exe /implib:cmTC_d83d2.lib /pdb:cmTC_d83d2.pdb /version:0.0 /machine:x64  /debug /INCREMENTAL /subsystem:console  kernel32.lib user32.lib gdi32.lib winspool.lib shell32.lib ole32.lib oleaut32.lib uuid.lib comdlg32.lib advapi32.lib && cd ."
RC Pass 1: command "rc /fo CMakeFiles\cmTC_d83d2.dir/manifest.res CMakeFiles\cmTC_d83d2.dir/manifest.rc" failed (exit code 0) with the following output:
O sistema não pode encontrar o arquivo especificado
ninja: build stopped: subcommand failed.




Determining if the CXX compiler works failed with the following output:
Change Dir: D:/GOD Programation/BTI/Semestre 3/Linguagem de Programação 1/AtividadesC++/lista-1-YagoGomesDaSilva/fibonacci/out/build/x64-Debug/CMakeFiles/CMakeTmp

Run Build Command(s):C:/Program Files/Microsoft Visual Studio/2022/Community/Common7/IDE/CommonExtensions/Microsoft/CMake/Ninja/ninja.exe cmTC_711f9 && [1/2] Building CXX object CMakeFiles\cmTC_711f9.dir\testCXXCompiler.cxx.obj
[2/2] Linking CXX executable cmTC_711f9.exe
FAILED: cmTC_711f9.exe 
cmd.exe /C "cd . && "C:\Program Files\Microsoft Visual Studio\2022\Community\Common7\IDE\CommonExtensions\Microsoft\CMake\CMake\bin\cmake.exe" -E vs_link_exe --intdir=CMakeFiles\cmTC_711f9.dir --rc=rc --mt=CMAKE_MT-NOTFOUND --manifests  -- C:\PROGRA~1\MICROS~2\2022\COMMUN~1\VC\Tools\MSVC\1431~1.311\bin\Hostx64\x64\link.exe /nologo CMakeFiles\cmTC_711f9.dir\testCXXCompiler.cxx.obj  /out:cmTC_711f9.exe /implib:cmTC_711f9.lib /pdb:cmTC_711f9.pdb /version:0.0 /machine:x64  /debug /INCREMENTAL /subsystem:console  kernel32.lib user32.lib gdi32.lib winspool.lib shell32.lib ole32.lib oleaut32.lib uuid.lib comdlg32.lib advapi32.lib && cd ."
RC Pass 1: command "rc /fo CMakeFiles\cmTC_711f9.dir/manifest.res CMakeFiles\cmTC_711f9.dir/manifest.rc" failed (exit code 0) with the following output:
O sistema não pode encontrar o arquivo especificado
ninja: build stopped: subcommand failed.



Compiling the CXX compiler identification source file "CMakeCXXCompilerId.cpp" failed.
Compiler: C:/Program Files/Microsoft Visual Studio/2022/Community/VC/Tools/MSVC/14.31.31103/bin/Hostx64/x64/cl.exe 
Build flags: /DWIN32;/D_WINDOWS;/W3;/GR;/EHsc
Id flags:  

The output was:
2
Microsoft (R) C/C++ Optimizing Compiler Versão 19.31.31105 para x64
Copyright (C) Microsoft Corporation. Todos os direitos reservados.

CMakeCXXCompilerId.cpp
Microsoft (R) Incremental Linker Version 14.31.31105.0
Copyright (C) Microsoft Corporation.  All rights reserved.

/out:CMakeCXXCompilerId.exe 
CMakeCXXCompilerId.obj 
LINK : fatal error LNK1104: não é possível abrir o arquivo 'kernel32.lib'


Detecting CXX compiler ABI info failed to compile with the following output:
Change Dir: D:/GOD Programation/BTI/Semestre 3/Linguagem de Programação 1/AtividadesC++/lista-1-YagoGomesDaSilva/fibonacci/out/build/x64-Debug/CMakeFiles/CMakeTmp

Run Build Command(s):C:/Program Files/Microsoft Visual Studio/2022/Community/Common7/IDE/CommonExtensions/Microsoft/CMake/Ninja/ninja.exe cmTC_1ead5 && [1/2] Building CXX object CMakeFiles\cmTC_1ead5.dir\CMakeCXXCompilerABI.cpp.obj
[2/2] Linking CXX executable cmTC_1ead5.exe
FAILED: cmTC_1ead5.exe 
cmd.exe /C "cd . && "C:\Program Files\Microsoft Visual Studio\2022\Community\Common7\IDE\CommonExtensions\Microsoft\CMake\CMake\bin\cmake.exe" -E vs_link_exe --intdir=CMakeFiles\cmTC_1ead5.dir --rc=rc --mt=CMAKE_MT-NOTFOUND --manifests  -- C:\PROGRA~1\MICROS~2\2022\COMMUN~1\VC\Tools\MSVC\1431~1.311\bin\Hostx64\x64\link.exe /nologo CMakeFiles\cmTC_1ead5.dir\CMakeCXXCompilerABI.cpp.obj  /out:cmTC_1ead5.exe /implib:cmTC_1ead5.lib /pdb:cmTC_1ead5.pdb /version:0.0 /machine:x64  /debug /INCREMENTAL /subsystem:console  kernel32.lib user32.lib gdi32.lib winspool.lib shell32.lib ole32.lib oleaut32.lib uuid.lib comdlg32.lib advapi32.lib && cd ."
RC Pass 1: command "rc /fo CMakeFiles\cmTC_1ead5.dir/manifest.res CMakeFiles\cmTC_1ead5.dir/manifest.rc" failed (exit code 0) with the following output:
O sistema não pode encontrar o arquivo especificado
ninja: build stopped: subcommand failed.




Determining if the CXX compiler works failed with the following output:
Change Dir: D:/GOD Programation/BTI/Semestre 3/Linguagem de Programação 1/AtividadesC++/lista-1-YagoGomesDaSilva/fibonacci/out/build/x64-Debug/CMakeFiles/CMakeTmp

Run Build Command(s):C:/Program Files/Microsoft Visual Studio/2022/Community/Common7/IDE/CommonExtensions/Microsoft/CMake/Ninja/ninja.exe cmTC_94367 && [1/2] Building CXX object CMakeFiles\cmTC_94367.dir\testCXXCompiler.cxx.obj
[2/2] Linking CXX executable cmTC_94367.exe
FAILED: cmTC_94367.exe 
cmd.exe /C "cd . && "C:\Program Files\Microsoft Visual Studio\2022\Community\Common7\IDE\CommonExtensions\Microsoft\CMake\CMake\bin\cmake.exe" -E vs_link_exe --intdir=CMakeFiles\cmTC_94367.dir --rc=rc --mt=CMAKE_MT-NOTFOUND --manifests  -- C:\PROGRA~1\MICROS~2\2022\COMMUN~1\VC\Tools\MSVC\1431~1.311\bin\Hostx64\x64\link.exe /nologo CMakeFiles\cmTC_94367.dir\testCXXCompiler.cxx.obj  /out:cmTC_94367.exe /implib:cmTC_94367.lib /pdb:cmTC_94367.pdb /version:0.0 /machine:x64  /debug /INCREMENTAL /subsystem:console  kernel32.lib user32.lib gdi32.lib winspool.lib shell32.lib ole32.lib oleaut32.lib uuid.lib comdlg32.lib advapi32.lib && cd ."
RC Pass 1: command "rc /fo CMakeFiles\cmTC_94367.dir/manifest.res CMakeFiles\cmTC_94367.dir/manifest.rc" failed (exit code 0) with the following output:
O sistema não pode encontrar o arquivo especificado
ninja: build stopped: subcommand failed.



Compiling the CXX compiler identification source file "CMakeCXXCompilerId.cpp" failed.
Compiler: C:/Program Files/Microsoft Visual Studio/2022/Community/VC/Tools/MSVC/14.31.31103/bin/Hostx64/x64/cl.exe 
Build flags: /DWIN32;/D_WINDOWS;/W3;/GR;/EHsc
Id flags:  

The output was:
2
Microsoft (R) C/C++ Optimizing Compiler Versão 19.31.31105 para x64
Copyright (C) Microsoft Corporation. Todos os direitos reservados.

CMakeCXXCompilerId.cpp
Microsoft (R) Incremental Linker Version 14.31.31105.0
Copyright (C) Microsoft Corporation.  All rights reserved.

/out:CMakeCXXCompilerId.exe 
CMakeCXXCompilerId.obj 
LINK : fatal error LNK1104: não é possível abrir o arquivo 'kernel32.lib'


Detecting CXX compiler ABI info failed to compile with the following output:
Change Dir: D:/GOD Programation/BTI/Semestre 3/Linguagem de Programação 1/AtividadesC++/lista-1-YagoGomesDaSilva/fibonacci/out/build/x64-Debug/CMakeFiles/CMakeTmp

Run Build Command(s):C:/Program Files/Microsoft Visual Studio/2022/Community/Common7/IDE/CommonExtensions/Microsoft/CMake/Ninja/ninja.exe cmTC_b31a0 && [1/2] Building CXX object CMakeFiles\cmTC_b31a0.dir\CMakeCXXCompilerABI.cpp.obj
[2/2] Linking CXX executable cmTC_b31a0.exe
FAILED: cmTC_b31a0.exe 
cmd.exe /C "cd . && "C:\Program Files\Microsoft Visual Studio\2022\Community\Common7\IDE\CommonExtensions\Microsoft\CMake\CMake\bin\cmake.exe" -E vs_link_exe --intdir=CMakeFiles\cmTC_b31a0.dir --rc=rc --mt=CMAKE_MT-NOTFOUND --manifests  -- C:\PROGRA~1\MICROS~2\2022\COMMUN~1\VC\Tools\MSVC\1431~1.311\bin\Hostx64\x64\link.exe /nologo CMakeFiles\cmTC_b31a0.dir\CMakeCXXCompilerABI.cpp.obj  /out:cmTC_b31a0.exe /implib:cmTC_b31a0.lib /pdb:cmTC_b31a0.pdb /version:0.0 /machine:x64  /debug /INCREMENTAL /subsystem:console  kernel32.lib user32.lib gdi32.lib winspool.lib shell32.lib ole32.lib oleaut32.lib uuid.lib comdlg32.lib advapi32.lib && cd ."
RC Pass 1: command "rc /fo CMakeFiles\cmTC_b31a0.dir/manifest.res CMakeFiles\cmTC_b31a0.dir/manifest.rc" failed (exit code 0) with the following output:
O sistema não pode encontrar o arquivo especificado
ninja: build stopped: subcommand failed.




Determining if the CXX compiler works failed with the following output:
Change Dir: D:/GOD Programation/BTI/Semestre 3/Linguagem de Programação 1/AtividadesC++/lista-1-YagoGomesDaSilva/fibonacci/out/build/x64-Debug/CMakeFiles/CMakeTmp

Run Build Command(s):C:/Program Files/Microsoft Visual Studio/2022/Community/Common7/IDE/CommonExtensions/Microsoft/CMake/Ninja/ninja.exe cmTC_1c979 && [1/2] Building CXX object CMakeFiles\cmTC_1c979.dir\testCXXCompiler.cxx.obj
[2/2] Linking CXX executable cmTC_1c979.exe
FAILED: cmTC_1c979.exe 
cmd.exe /C "cd . && "C:\Program Files\Microsoft Visual Studio\2022\Community\Common7\IDE\CommonExtensions\Microsoft\CMake\CMake\bin\cmake.exe" -E vs_link_exe --intdir=CMakeFiles\cmTC_1c979.dir --rc=rc --mt=CMAKE_MT-NOTFOUND --manifests  -- C:\PROGRA~1\MICROS~2\2022\COMMUN~1\VC\Tools\MSVC\1431~1.311\bin\Hostx64\x64\link.exe /nologo CMakeFiles\cmTC_1c979.dir\testCXXCompiler.cxx.obj  /out:cmTC_1c979.exe /implib:cmTC_1c979.lib /pdb:cmTC_1c979.pdb /version:0.0 /machine:x64  /debug /INCREMENTAL /subsystem:console  kernel32.lib user32.lib gdi32.lib winspool.lib shell32.lib ole32.lib oleaut32.lib uuid.lib comdlg32.lib advapi32.lib && cd ."
RC Pass 1: command "rc /fo CMakeFiles\cmTC_1c979.dir/manifest.res CMakeFiles\cmTC_1c979.dir/manifest.rc" failed (exit code 0) with the following output:
O sistema não pode encontrar o arquivo especificado
ninja: build stopped: subcommand failed.



